[
  {
    "line": 1,
    "elements": [
      {
        "start_timestamp": "2021-03-08T17:32:12.237Z",
        "before": [
          {
            "result": {
              "duration": 1804979900,
              "status": "passed"
            },
            "match": {
              "location": "com.vytrack.step_definitions.Hooks.setUpdb()"
            }
          },
          {
            "result": {
              "duration": 9687110300,
              "status": "passed"
            },
            "match": {
              "location": "com.vytrack.step_definitions.Hooks.setUp()"
            }
          }
        ],
        "line": 64,
        "name": "Contacts test with email",
        "description": "",
        "id": "contacts-page;contacts-test-with-email",
        "after": [
          {
            "result": {
              "duration": 32215400,
              "status": "passed"
            },
            "match": {
              "location": "com.vytrack.step_definitions.Hooks.closeDb()"
            }
          },
          {
            "result": {
              "error_message": "org.openqa.selenium.NoSuchWindowException: no such window: target window already closed\nfrom unknown error: web view not found\n  (Session info: chrome\u003d88.0.4324.190)\nBuild info: version: \u00273.141.59\u0027, revision: \u0027e82be7d358\u0027, time: \u00272018-11-14T08:17:03\u0027\nSystem info: host: \u0027ASUS-X550V\u0027, ip: \u0027192.168.1.28\u0027, os.name: \u0027Windows 10\u0027, os.arch: \u0027amd64\u0027, os.version: \u002710.0\u0027, java.version: \u002713.0.2\u0027\nDriver info: org.openqa.selenium.chrome.ChromeDriver\nCapabilities {acceptInsecureCerts: false, browserName: chrome, browserVersion: 88.0.4324.190, chrome: {chromedriverVersion: 88.0.4324.96 (68dba2d8a0b14..., userDataDir: C:\\Users\\Asus\\AppData\\Local...}, goog:chromeOptions: {debuggerAddress: localhost:62366}, javascriptEnabled: true, networkConnectionEnabled: false, pageLoadStrategy: normal, platform: WINDOWS, platformName: WINDOWS, proxy: Proxy(), setWindowRect: true, strictFileInteractability: false, timeouts: {implicit: 0, pageLoad: 300000, script: 30000}, unhandledPromptBehavior: dismiss and notify, webauthn:extension:largeBlob: true, webauthn:virtualAuthenticators: true}\nSession ID: 4e8880950713618c5a3e9f957b71a4ce\r\n\tat java.base/jdk.internal.reflect.NativeConstructorAccessorImpl.newInstance0(Native Method)\r\n\tat java.base/jdk.internal.reflect.NativeConstructorAccessorImpl.newInstance(NativeConstructorAccessorImpl.java:62)\r\n\tat java.base/jdk.internal.reflect.DelegatingConstructorAccessorImpl.newInstance(DelegatingConstructorAccessorImpl.java:45)\r\n\tat java.base/java.lang.reflect.Constructor.newInstanceWithCaller(Constructor.java:500)\r\n\tat java.base/java.lang.reflect.Constructor.newInstance(Constructor.java:481)\r\n\tat org.openqa.selenium.remote.http.W3CHttpResponseCodec.createException(W3CHttpResponseCodec.java:187)\r\n\tat org.openqa.selenium.remote.http.W3CHttpResponseCodec.decode(W3CHttpResponseCodec.java:122)\r\n\tat org.openqa.selenium.remote.http.W3CHttpResponseCodec.decode(W3CHttpResponseCodec.java:49)\r\n\tat org.openqa.selenium.remote.HttpCommandExecutor.execute(HttpCommandExecutor.java:158)\r\n\tat org.openqa.selenium.remote.service.DriverCommandExecutor.execute(DriverCommandExecutor.java:83)\r\n\tat org.openqa.selenium.remote.RemoteWebDriver.execute(RemoteWebDriver.java:552)\r\n\tat org.openqa.selenium.remote.RemoteWebDriver.execute(RemoteWebDriver.java:609)\r\n\tat org.openqa.selenium.remote.RemoteWebDriver.getScreenshotAs(RemoteWebDriver.java:295)\r\n\tat com.vytrack.step_definitions.Hooks.tearDown(Hooks.java:25)\r\n",
              "duration": 4993000,
              "status": "failed"
            },
            "match": {
              "location": "com.vytrack.step_definitions.Hooks.tearDown(io.cucumber.java.Scenario)"
            }
          }
        ],
        "type": "scenario",
        "keyword": "Scenario",
        "steps": [
          {
            "result": {
              "duration": 28857506400,
              "status": "passed"
            },
            "line": 65,
            "name": "the user logged in as \"sales manager\"",
            "match": {
              "arguments": [
                {
                  "val": "\"sales manager\"",
                  "offset": 22
                }
              ],
              "location": "com.vytrack.step_definitions.ContactsStepDefs.the_user_logged_in_as(java.lang.String)"
            },
            "keyword": "Given "
          },
          {
            "result": {
              "duration": 25290002700,
              "status": "passed"
            },
            "line": 66,
            "name": "the user navigates to \"Customers\" \"Contacts\"",
            "match": {
              "arguments": [
                {
                  "val": "\"Customers\"",
                  "offset": 22
                },
                {
                  "val": "\"Contacts\"",
                  "offset": 34
                }
              ],
              "location": "com.vytrack.step_definitions.NavigationMenuStepDefs.the_user_navigates_to(java.lang.String,java.lang.String)"
            },
            "keyword": "And "
          },
          {
            "result": {
              "error_message": "org.openqa.selenium.NoSuchWindowException: no such window: target window already closed\nfrom unknown error: web view not found\n  (Session info: chrome\u003d88.0.4324.190)\nBuild info: version: \u00273.141.59\u0027, revision: \u0027e82be7d358\u0027, time: \u00272018-11-14T08:17:03\u0027\nSystem info: host: \u0027ASUS-X550V\u0027, ip: \u0027192.168.1.28\u0027, os.name: \u0027Windows 10\u0027, os.arch: \u0027amd64\u0027, os.version: \u002710.0\u0027, java.version: \u002713.0.2\u0027\nDriver info: org.openqa.selenium.chrome.ChromeDriver\nCapabilities {acceptInsecureCerts: false, browserName: chrome, browserVersion: 88.0.4324.190, chrome: {chromedriverVersion: 88.0.4324.96 (68dba2d8a0b14..., userDataDir: C:\\Users\\Asus\\AppData\\Local...}, goog:chromeOptions: {debuggerAddress: localhost:62366}, javascriptEnabled: true, networkConnectionEnabled: false, pageLoadStrategy: normal, platform: WINDOWS, platformName: WINDOWS, proxy: Proxy(), setWindowRect: true, strictFileInteractability: false, timeouts: {implicit: 0, pageLoad: 300000, script: 30000}, unhandledPromptBehavior: dismiss and notify, webauthn:extension:largeBlob: true, webauthn:virtualAuthenticators: true}\nSession ID: 4e8880950713618c5a3e9f957b71a4ce\n*** Element info: {Using\u003dxpath, value\u003d//*[contains(text(), \u0027mbrackstone9@example.com\u0027) and @data-column-label\u003d\u0027Email\u0027]}\r\n\tat java.base/jdk.internal.reflect.NativeConstructorAccessorImpl.newInstance0(Native Method)\r\n\tat java.base/jdk.internal.reflect.NativeConstructorAccessorImpl.newInstance(NativeConstructorAccessorImpl.java:62)\r\n\tat java.base/jdk.internal.reflect.DelegatingConstructorAccessorImpl.newInstance(DelegatingConstructorAccessorImpl.java:45)\r\n\tat java.base/java.lang.reflect.Constructor.newInstanceWithCaller(Constructor.java:500)\r\n\tat java.base/java.lang.reflect.Constructor.newInstance(Constructor.java:481)\r\n\tat org.openqa.selenium.remote.http.W3CHttpResponseCodec.createException(W3CHttpResponseCodec.java:187)\r\n\tat org.openqa.selenium.remote.http.W3CHttpResponseCodec.decode(W3CHttpResponseCodec.java:122)\r\n\tat org.openqa.selenium.remote.http.W3CHttpResponseCodec.decode(W3CHttpResponseCodec.java:49)\r\n\tat org.openqa.selenium.remote.HttpCommandExecutor.execute(HttpCommandExecutor.java:158)\r\n\tat org.openqa.selenium.remote.service.DriverCommandExecutor.execute(DriverCommandExecutor.java:83)\r\n\tat org.openqa.selenium.remote.RemoteWebDriver.execute(RemoteWebDriver.java:552)\r\n\tat org.openqa.selenium.remote.RemoteWebDriver.findElement(RemoteWebDriver.java:323)\r\n\tat org.openqa.selenium.remote.RemoteWebDriver.findElementByXPath(RemoteWebDriver.java:428)\r\n\tat org.openqa.selenium.By$ByXPath.findElement(By.java:353)\r\n\tat org.openqa.selenium.remote.RemoteWebDriver.findElement(RemoteWebDriver.java:315)\r\n\tat com.vytrack.pages.ContactsPage.getContactEmail(ContactsPage.java:16)\r\n\tat com.vytrack.step_definitions.ContactsStepDefs.the_user_clicks_the_from_contacts(ContactsStepDefs.java:74)\r\n\tat âœ½.the user clicks the \"mbrackstone9@example.com\" from contacts(file:///C:/Users/Asus/Desktop/javaws/EU4CucumberSelenium/src/test/resources/features/Contacts.feature:67)\r\n",
              "duration": 10027473500,
              "status": "failed"
            },
            "line": 67,
            "name": "the user clicks the \"mbrackstone9@example.com\" from contacts",
            "match": {
              "arguments": [
                {
                  "val": "\"mbrackstone9@example.com\"",
                  "offset": 20
                }
              ],
              "location": "com.vytrack.step_definitions.ContactsStepDefs.the_user_clicks_the_from_contacts(java.lang.String)"
            },
            "keyword": "When "
          },
          {
            "result": {
              "duration": 998800,
              "status": "skipped"
            },
            "line": 68,
            "name": "the information should be same with database",
            "match": {
              "location": "com.vytrack.step_definitions.ContactsStepDefs.the_information_should_be_same_with_database()"
            },
            "keyword": "Then "
          }
        ],
        "tags": [
          {
            "name": "@wip"
          },
          {
            "name": "@db"
          }
        ]
      }
    ],
    "name": "Contacts page",
    "description": "",
    "id": "contacts-page",
    "keyword": "Feature",
    "uri": "file:src/test/resources/features/Contacts.feature",
    "tags": []
  }
]